Determining if the pthread_create exist failed with the following output:
Change Dir: /home/thanh/catkin_cpp/src/build/CMakeFiles/CMakeTmp

Run Build Command:"/usr/bin/make" "cmTC_362b2/fast"
/usr/bin/make -f CMakeFiles/cmTC_362b2.dir/build.make CMakeFiles/cmTC_362b2.dir/build
make[1]: Entering directory '/home/thanh/catkin_cpp/src/build/CMakeFiles/CMakeTmp'
Building C object CMakeFiles/cmTC_362b2.dir/CheckSymbolExists.c.o
/usr/bin/gcc-5     -o CMakeFiles/cmTC_362b2.dir/CheckSymbolExists.c.o   -c /home/thanh/catkin_cpp/src/build/CMakeFiles/CMakeTmp/CheckSymbolExists.c
Linking C executable cmTC_362b2
/usr/bin/cmake -E cmake_link_script CMakeFiles/cmTC_362b2.dir/link.txt --verbose=1
/usr/bin/gcc-5       CMakeFiles/cmTC_362b2.dir/CheckSymbolExists.c.o  -o cmTC_362b2 -rdynamic 
CMakeFiles/cmTC_362b2.dir/CheckSymbolExists.c.o: In function `main':
CheckSymbolExists.c:(.text+0x16): undefined reference to `pthread_create'
collect2: error: ld returned 1 exit status
CMakeFiles/cmTC_362b2.dir/build.make:97: recipe for target 'cmTC_362b2' failed
make[1]: *** [cmTC_362b2] Error 1
make[1]: Leaving directory '/home/thanh/catkin_cpp/src/build/CMakeFiles/CMakeTmp'
Makefile:126: recipe for target 'cmTC_362b2/fast' failed
make: *** [cmTC_362b2/fast] Error 2

File /home/thanh/catkin_cpp/src/build/CMakeFiles/CMakeTmp/CheckSymbolExists.c:
/* */
#include <pthread.h>

int main(int argc, char** argv)
{
  (void)argv;
#ifndef pthread_create
  return ((int*)(&pthread_create))[argc];
#else
  (void)argc;
  return 0;
#endif
}

Determining if the function pthread_create exists in the pthreads failed with the following output:
Change Dir: /home/thanh/catkin_cpp/src/build/CMakeFiles/CMakeTmp

Run Build Command:"/usr/bin/make" "cmTC_c4742/fast"
/usr/bin/make -f CMakeFiles/cmTC_c4742.dir/build.make CMakeFiles/cmTC_c4742.dir/build
make[1]: Entering directory '/home/thanh/catkin_cpp/src/build/CMakeFiles/CMakeTmp'
Building C object CMakeFiles/cmTC_c4742.dir/CheckFunctionExists.c.o
/usr/bin/gcc-5    -DCHECK_FUNCTION_EXISTS=pthread_create   -o CMakeFiles/cmTC_c4742.dir/CheckFunctionExists.c.o   -c /usr/share/cmake-3.5/Modules/CheckFunctionExists.c
Linking C executable cmTC_c4742
/usr/bin/cmake -E cmake_link_script CMakeFiles/cmTC_c4742.dir/link.txt --verbose=1
/usr/bin/gcc-5   -DCHECK_FUNCTION_EXISTS=pthread_create    CMakeFiles/cmTC_c4742.dir/CheckFunctionExists.c.o  -o cmTC_c4742 -rdynamic -lpthreads 
/usr/bin/ld: cannot find -lpthreads
collect2: error: ld returned 1 exit status
CMakeFiles/cmTC_c4742.dir/build.make:97: recipe for target 'cmTC_c4742' failed
make[1]: *** [cmTC_c4742] Error 1
make[1]: Leaving directory '/home/thanh/catkin_cpp/src/build/CMakeFiles/CMakeTmp'
Makefile:126: recipe for target 'cmTC_c4742/fast' failed
make: *** [cmTC_c4742/fast] Error 2


